<?xml version="1.0" encoding="UTF-8"?>
<testsuite name="TestSuite" time="33.336" tests="1" errors="0" skipped="0" failures="1">
  <properties>
[...]
</properties>
  <testcase name="testGoogleSearch" classname="com.mycompany.app.pages.GoogleSearch" time="33.336">
    <failure message="Unable to find element with id == gbqfq (WARNING: The server did not provide any stacktrace information)&#10;Command duration or timeout: 30.28 seconds&#10;For documentation on this error, please visit: http://seleniumhq.org/exceptions/no_such_element.html&#10;Build info: version: &apos;2.40.0&apos;, revision: &apos;4c5c0568b004f67810ee41c459549aa4b09c651e&apos;, time: &apos;2014-02-19 11:13:01&apos;&#10;System info: host: &apos;Profiler-VAIO&apos;, ip: &apos;128.96.8.14&apos;, os.name: &apos;Windows 7&apos;, os.arch: &apos;amd64&apos;, os.version: &apos;6.1&apos;, java.version: &apos;1.8.0_20&apos;&#10;Driver info: org.openqa.selenium.ie.InternetExplorerDriver&#10;Capabilities [{nativeEvents=true, browserName=internet explorer, takesScreenshot=true, javascriptEnabled=true, handlesAlerts=true, version=9, cssSelectorsEnabled=true, platform=WINDOWS}]&#10;Session ID: 0e85bb5d-da8b-4527-b183-dc46fb78bfee" type="org.openqa.selenium.NoSuchElementException">org.openqa.selenium.NoSuchElementException: Unable to find element with id == gbqfq (WARNING: The server did not provide any stacktrace information)
Command duration or timeout: 30.28 seconds
For documentation on this error, please visit: http://seleniumhq.org/exceptions/no_such_element.html
Build info: version: '2.40.0', revision: '4c5c0568b004f67810ee41c459549aa4b09c651e', time: '2014-02-19 11:13:01'
System info: host: 'Profiler-VAIO', ip: '128.96.8.14', os.name: 'Windows 7', os.arch: 'amd64', os.version: '6.1', java.version: '1.8.0_20'
Driver info: org.openqa.selenium.ie.InternetExplorerDriver
Capabilities [{nativeEvents=true, browserName=internet explorer, takesScreenshot=true, javascriptEnabled=true, handlesAlerts=true, version=9, cssSelectorsEnabled=true, platform=WINDOWS}]
Session ID: 0e85bb5d-da8b-4527-b183-dc46fb78bfee
	at sun.reflect.NativeConstructorAccessorImpl.newInstance0(Native Method)
	at sun.reflect.NativeConstructorAccessorImpl.newInstance(NativeConstructorAccessorImpl.java:62)
	at sun.reflect.DelegatingConstructorAccessorImpl.newInstance(DelegatingConstructorAccessorImpl.java:45)
	at java.lang.reflect.Constructor.newInstance(Constructor.java:408)
	at org.openqa.selenium.remote.ErrorHandler.createThrowable(ErrorHandler.java:193)
	at org.openqa.selenium.remote.ErrorHandler.throwIfResponseFailed(ErrorHandler.java:145)
	at org.openqa.selenium.remote.RemoteWebDriver.execute(RemoteWebDriver.java:573)
	at org.openqa.selenium.remote.RemoteWebDriver.findElement(RemoteWebDriver.java:326)
	at org.openqa.selenium.remote.RemoteWebDriver.findElementById(RemoteWebDriver.java:367)
	at org.openqa.selenium.By$ById.findElement(By.java:214)
	at org.openqa.selenium.remote.RemoteWebDriver.findElement(RemoteWebDriver.java:318)
	at com.mycompany.app.pages.GoogleSearch.testGoogleSearch(GoogleSearch.java:20)
</failure>
    <system-out><![CDATA[...
... TestNG 6.8.9beta by C?dric Beust (cedric@beust.com)
...

]]></system-out>
    <system-err><![CDATA[Started InternetExplorerDriver server (64-bit)
2.24.2.0
Listening on port 13672
Oct 17, 2014 2:57:56 PM org.apache.http.impl.client.DefaultHttpClient tryExecute
INFO: I/O exception (java.net.SocketException) caught when processing request: Software caused connection abort: recv failed
Oct 17, 2014 2:57:56 PM org.apache.http.impl.client.DefaultHttpClient tryExecute
INFO: Retrying request
]]></system-err>
  </testcase>
</testsuite>