<?xml version="1.0" encoding="UTF-8"?>
<testng-results skipped="0" failed="0" total="1" passed="1">
  <reporter-output>
  </reporter-output>
  <suite name="Default suite" duration-ms="25781" started-at="2014-10-17T14:16:05Z" finished-at="2014-10-17T14:16:31Z">
    <groups>
    </groups>
    <test name="Default test" duration-ms="25781" started-at="2014-10-17T14:16:05Z" finished-at="2014-10-17T14:16:31Z">
      <class name="com.mycompany.app.pages.GoogleSearch">
        <test-method status="PASS" signature="init()[pri:0, instance:com.mycompany.app.pages.GoogleSearch@11531931]" name="init" is-config="true" duration-ms="22377" started-at="2014-10-17T10:16:05Z" finished-at="2014-10-17T10:16:27Z">
          <reporter-output>
          </reporter-output>
        </test-method> <!-- init -->
        <test-method status="PASS" signature="testGoogleSearch()[pri:0, instance:com.mycompany.app.pages.GoogleSearch@11531931]" name="testGoogleSearch" duration-ms="3369" started-at="2014-10-17T10:16:27Z" finished-at="2014-10-17T10:16:31Z">
          <reporter-output>
          </reporter-output>
        </test-method> <!-- testGoogleSearch -->
        <test-method status="PASS" signature="tearDown()[pri:0, instance:com.mycompany.app.pages.GoogleSearch@11531931]" name="tearDown" is-config="true" duration-ms="558" started-at="2014-10-17T10:16:31Z" finished-at="2014-10-17T10:16:31Z">
          <reporter-output>
          </reporter-output>
        </test-method> <!-- tearDown -->
      </class> <!-- com.mycompany.app.pages.GoogleSearch -->
    </test> <!-- Default test -->
  </suite> <!-- Default suite -->
</testng-results>
